#
# There is insufficient memory for the Java Runtime Environment to continue.
# Native memory allocation (malloc) failed to allocate 2117136 bytes for Chunk::new
# Possible reasons:
#   The system is out of physical RAM or swap space
#   The process is running with CompressedOops enabled, and the Java Heap may be blocking the growth of the native heap
# Possible solutions:
#   Reduce memory load on the system
#   Increase physical memory or swap space
#   Check if swap backing store is full
#   Decrease Java heap size (-Xmx/-Xms)
#   Decrease number of Java threads
#   Decrease Java thread stack sizes (-Xss)
#   Set larger code cache with -XX:ReservedCodeCacheSize=
#   JVM is running with Unscaled Compressed Oops mode in which the Java heap is
#     placed in the first 4GB address space. The Java Heap base address is the
#     maximum limit for the native heap growth. Please use -XX:HeapBaseMinAddress
#     to set the Java Heap base and to place the Java Heap above 4GB virtual address.
# This output file may be truncated or incomplete.
#
#  Out of Memory Error (allocation.cpp:389), pid=11068, tid=0x000000000000184c
#
# JRE version: OpenJDK Runtime Environment (8.0_242-b01) (build 1.8.0_242-release-1644-b01)
# Java VM: OpenJDK 64-Bit Server VM (25.242-b01 mixed mode windows-amd64 compressed oops)
# Failed to write core dump. Minidumps are not enabled by default on client versions of Windows
#

---------------  T H R E A D  ---------------

Current thread (0x000000001954d800):  JavaThread "C2 CompilerThread2" daemon [_thread_in_native, id=6220, stack(0x000000001a010000,0x000000001a110000)]

Stack: [0x000000001a010000,0x000000001a110000]
[error occurred during error reporting (printing stack bounds), id 0xc0000005]

Native frames: (J=compiled Java code, j=interpreted, Vv=VM code, C=native code)


Current CompileTask:
C2:   2381 1463   !   4       java.net.URLClassLoader$1::run (63 bytes)


---------------  P R O C E S S  ---------------

Java Threads: ( => current thread )
  0x000000001955a800 JavaThread "Cache worker for file hash cache (C:\Users\SHRIRAM G\AndroidStudioProjects\COVID19-HACKATHON\.gradle\5.4.1\fileHashes)" [_thread_blocked, id=15108, stack(0x000000001f330000,0x000000001f430000)]
  0x0000000019557800 JavaThread "Cache worker for journal cache (C:\Users\SHRIRAM G\.gradle\caches\journal-1)" [_thread_blocked, id=9908, stack(0x000000001e060000,0x000000001e160000)]
  0x0000000019556000 JavaThread "File lock request listener" [_thread_in_native, id=9076, stack(0x000000001df60000,0x000000001e060000)]
  0x000000001bffc000 JavaThread "Cache worker for file hash cache (C:\Users\SHRIRAM G\.gradle\caches\5.4.1\fileHashes)" [_thread_blocked, id=12040, stack(0x000000001de60000,0x000000001df60000)]
  0x000000001b850800 JavaThread "Thread-9" [_thread_blocked, id=1064, stack(0x000000001dd60000,0x000000001de60000)]
  0x000000001b84f000 JavaThread "Stdin handler" [_thread_blocked, id=14900, stack(0x000000001dc60000,0x000000001dd60000)]
  0x000000001b084800 JavaThread "Asynchronous log dispatcher for DefaultDaemonConnection: socket connection from /127.0.0.1:51323 to /127.0.0.1:51324" [_thread_blocked, id=10028, stack(0x000000001db60000,0x000000001dc60000)]
  0x000000001bf83800 JavaThread "Daemon worker" [_thread_in_vm, id=10428, stack(0x000000001da60000,0x000000001db60000)]
  0x000000001986c000 JavaThread "Cancel handler" [_thread_blocked, id=6464, stack(0x000000001d960000,0x000000001da60000)]
  0x000000001b37f000 JavaThread "Handler for socket connection from /127.0.0.1:51323 to /127.0.0.1:51324" [_thread_in_native, id=4088, stack(0x000000001d660000,0x000000001d760000)]
  0x000000001b36b800 JavaThread "Daemon" [_thread_blocked, id=6816, stack(0x000000001d560000,0x000000001d660000)]
  0x000000001b8f5000 JavaThread "Daemon periodic checks" [_thread_blocked, id=5808, stack(0x000000001d460000,0x000000001d560000)]
  0x000000001bb53000 JavaThread "Incoming local TCP Connector on port 51323" [_thread_in_native, id=8628, stack(0x000000001cbb0000,0x000000001ccb0000)]
  0x000000001bfea800 JavaThread "Daemon health stats" [_thread_blocked, id=1792, stack(0x000000001cce0000,0x000000001cde0000)]
  0x00000000195d0000 JavaThread "Service Thread" daemon [_thread_blocked, id=8164, stack(0x000000001a210000,0x000000001a310000)]
  0x0000000019559000 JavaThread "C1 CompilerThread3" daemon [_thread_blocked, id=13236, stack(0x000000001a110000,0x000000001a210000)]
=>0x000000001954d800 JavaThread "C2 CompilerThread2" daemon [_thread_in_native, id=6220, stack(0x000000001a010000,0x000000001a110000)]
  0x0000000019547800 JavaThread "C2 CompilerThread1" daemon [_thread_in_native, id=11984, stack(0x0000000019f10000,0x000000001a010000)]
  0x0000000019541800 JavaThread "C2 CompilerThread0" daemon [_thread_blocked, id=3088, stack(0x0000000019e10000,0x0000000019f10000)]
  0x0000000019540800 JavaThread "Attach Listener" daemon [_thread_blocked, id=1020, stack(0x0000000019d10000,0x0000000019e10000)]
  0x000000001953f000 JavaThread "Signal Dispatcher" daemon [_thread_blocked, id=8180, stack(0x0000000019c10000,0x0000000019d10000)]
  0x000000000269c800 JavaThread "Finalizer" daemon [_thread_blocked, id=14308, stack(0x0000000019a10000,0x0000000019b10000)]
  0x0000000019530800 JavaThread "Reference Handler" daemon [_thread_blocked, id=11616, stack(0x0000000019910000,0x0000000019a10000)]
  0x0000000000bfe800 JavaThread "main" [_thread_blocked, id=5152, stack(0x00000000024a0000,0x00000000025a0000)]

Other Threads:
  0x0000000017708000 VMThread [stack: 0x0000000019410000,0x0000000019510000] [id=10136]
  0x00000000195d0800 WatcherThread [stack: 0x000000001a310000,0x000000001a410000] [id=10652]

VM state:not at safepoint (normal execution)

VM Mutex/Monitor currently owned by a thread: None

heap address: 0x0000000080000000, size: 2048 MB, Compressed Oops mode: 32-bit
Narrow klass base: 0x0000000000000000, Narrow klass shift: 3
Compressed class space size: 1073741824 Address: 0x0000000100000000

Heap:
 PSYoungGen      total 37888K, used 28188K [0x00000000d5580000, 0x00000000d7f80000, 0x0000000100000000)
  eden space 32768K, 70% used [0x00000000d5580000,0x00000000d6c0b298,0x00000000d7580000)
  from space 5120K, 99% used [0x00000000d7a80000,0x00000000d7f7c010,0x00000000d7f80000)
  to   space 5120K, 0% used [0x00000000d7580000,0x00000000d7580000,0x00000000d7a80000)
 ParOldGen       total 86016K, used 4734K [0x0000000080000000, 0x0000000085400000, 0x00000000d5580000)
  object space 86016K, 5% used [0x0000000080000000,0x000000008049f848,0x0000000085400000)
 Metaspace       used 17614K, capacity 18052K, committed 18304K, reserved 1064960K
  class space    used 2551K, capacity 2682K, committed 2688K, reserved 1048576K

Card table byte_map: [0x0000000011a60000,0x0000000011e70000] byte_map_base: 0x0000000011660000

Marking Bits: (ParMarkBitMap*) 0x000000005478f030
 Begin Bits: [0x0000000012920000, 0x0000000014920000)
 End Bits:   [0x0000000014920000, 0x0000000016920000)

Polling page: 0x0000000000bd0000

CodeCache: size=245760Kb used=5476Kb max_used=5478Kb free=240283Kb
 bounds [0x00000000026a0000, 0x0000000002c00000, 0x00000000116a0000]
 total_blobs=2007 nmethods=1605 adapters=315
 compilation: enabled

Compilation events (10 events):
Event: 2.376 Thread 0x0000000019559000 1606       3       java.io.OutputStream::<init> (5 bytes)
Event: 2.377 Thread 0x0000000019559000 nmethod 1606 0x0000000002bfb310 code [0x0000000002bfb480, 0x0000000002bfb630]
Event: 2.377 Thread 0x0000000019559000 1607       3       sun.misc.ProxyGenerator::access$700 (7 bytes)
Event: 2.378 Thread 0x0000000019559000 nmethod 1607 0x0000000002bfae90 code [0x0000000002bfb000, 0x0000000002bfb1e8]
Event: 2.378 Thread 0x0000000019559000 1608       3       sun.misc.ProxyGenerator$ExceptionTableEntry::<init> (26 bytes)
Event: 2.378 Thread 0x0000000019559000 nmethod 1608 0x0000000002bfaad0 code [0x0000000002bfac20, 0x0000000002bfadd0]
Event: 2.378 Thread 0x0000000019559000 1609       3       java.lang.Class::arrayContentsEq (70 bytes)
Event: 2.378 Thread 0x0000000019559000 nmethod 1609 0x0000000002bfa390 code [0x0000000002bfa520, 0x0000000002bfa950]
Event: 2.378 Thread 0x0000000019559000 1610       3       org.gradle.internal.service.DefaultServiceRegistry::access$1300 (4 bytes)
Event: 2.379 Thread 0x0000000019559000 nmethod 1610 0x0000000002bfa090 code [0x0000000002bfa1e0, 0x0000000002bfa310]

GC Heap History (8 events):
Event: 0.662 GC heap before
{Heap before GC invocations=1 (full 0):
 PSYoungGen      total 37888K, used 32768K [0x00000000d5580000, 0x00000000d7f80000, 0x0000000100000000)
  eden space 32768K, 100% used [0x00000000d5580000,0x00000000d7580000,0x00000000d7580000)
  from space 5120K, 0% used [0x00000000d7a80000,0x00000000d7a80000,0x00000000d7f80000)
  to   space 5120K, 0% used [0x00000000d7580000,0x00000000d7580000,0x00000000d7a80000)
 ParOldGen       total 86016K, used 0K [0x0000000080000000, 0x0000000085400000, 0x00000000d5580000)
  object space 86016K, 0% used [0x0000000080000000,0x0000000080000000,0x0000000085400000)
 Metaspace       used 7081K, capacity 7296K, committed 7424K, reserved 1056768K
  class space    used 861K, capacity 908K, committed 1024K, reserved 1048576K
Event: 0.666 GC heap after
Heap after GC invocations=1 (full 0):
 PSYoungGen      total 37888K, used 4228K [0x00000000d5580000, 0x00000000d7f80000, 0x0000000100000000)
  eden space 32768K, 0% used [0x00000000d5580000,0x00000000d5580000,0x00000000d7580000)
  from space 5120K, 82% used [0x00000000d7580000,0x00000000d79a12f8,0x00000000d7a80000)
  to   space 5120K, 0% used [0x00000000d7a80000,0x00000000d7a80000,0x00000000d7f80000)
 ParOldGen       total 86016K, used 8K [0x0000000080000000, 0x0000000085400000, 0x00000000d5580000)
  object space 86016K, 0% used [0x0000000080000000,0x0000000080002000,0x0000000085400000)
 Metaspace       used 7081K, capacity 7296K, committed 7424K, reserved 1056768K
  class space    used 861K, capacity 908K, committed 1024K, reserved 1048576K
}
Event: 0.956 GC heap before
{Heap before GC invocations=2 (full 0):
 PSYoungGen      total 37888K, used 36996K [0x00000000d5580000, 0x00000000d7f80000, 0x0000000100000000)
  eden space 32768K, 100% used [0x00000000d5580000,0x00000000d7580000,0x00000000d7580000)
  from space 5120K, 82% used [0x00000000d7580000,0x00000000d79a12f8,0x00000000d7a80000)
  to   space 5120K, 0% used [0x00000000d7a80000,0x00000000d7a80000,0x00000000d7f80000)
 ParOldGen       total 86016K, used 8K [0x0000000080000000, 0x0000000085400000, 0x00000000d5580000)
  object space 86016K, 0% used [0x0000000080000000,0x0000000080002000,0x0000000085400000)
 Metaspace       used 7887K, capacity 8122K, committed 8320K, reserved 1056768K
  class space    used 1010K, capacity 1077K, committed 1152K, reserved 1048576K
Event: 0.960 GC heap after
Heap after GC invocations=2 (full 0):
 PSYoungGen      total 37888K, used 3949K [0x00000000d5580000, 0x00000000d7f80000, 0x0000000100000000)
  eden space 32768K, 0% used [0x00000000d5580000,0x00000000d5580000,0x00000000d7580000)
  from space 5120K, 77% used [0x00000000d7a80000,0x00000000d7e5b7a0,0x00000000d7f80000)
  to   space 5120K, 0% used [0x00000000d7580000,0x00000000d7580000,0x00000000d7a80000)
 ParOldGen       total 86016K, used 16K [0x0000000080000000, 0x0000000085400000, 0x00000000d5580000)
  object space 86016K, 0% used [0x0000000080000000,0x0000000080004000,0x0000000085400000)
 Metaspace       used 7887K, capacity 8122K, committed 8320K, reserved 1056768K
  class space    used 1010K, capacity 1077K, committed 1152K, reserved 1048576K
}
Event: 1.875 GC heap before
{Heap before GC invocations=3 (full 0):
 PSYoungGen      total 37888K, used 36717K [0x00000000d5580000, 0x00000000d7f80000, 0x0000000100000000)
  eden space 32768K, 100% used [0x00000000d5580000,0x00000000d7580000,0x00000000d7580000)
  from space 5120K, 77% used [0x00000000d7a80000,0x00000000d7e5b7a0,0x00000000d7f80000)
  to   space 5120K, 0% used [0x00000000d7580000,0x00000000d7580000,0x00000000d7a80000)
 ParOldGen       total 86016K, used 16K [0x0000000080000000, 0x0000000085400000, 0x00000000d5580000)
  object space 86016K, 0% used [0x0000000080000000,0x0000000080004000,0x0000000085400000)
 Metaspace       used 12774K, capacity 13196K, committed 13440K, reserved 1060864K
  class space    used 1750K, capacity 1868K, committed 1920K, reserved 1048576K
Event: 1.883 GC heap after
Heap after GC invocations=3 (full 0):
 PSYoungGen      total 37888K, used 5101K [0x00000000d5580000, 0x00000000d7f80000, 0x0000000100000000)
  eden space 32768K, 0% used [0x00000000d5580000,0x00000000d5580000,0x00000000d7580000)
  from space 5120K, 99% used [0x00000000d7580000,0x00000000d7a7b410,0x00000000d7a80000)
  to   space 5120K, 0% used [0x00000000d7a80000,0x00000000d7a80000,0x00000000d7f80000)
 ParOldGen       total 86016K, used 1570K [0x0000000080000000, 0x0000000085400000, 0x00000000d5580000)
  object space 86016K, 1% used [0x0000000080000000,0x0000000080188938,0x0000000085400000)
 Metaspace       used 12774K, capacity 13196K, committed 13440K, reserved 1060864K
  class space    used 1750K, capacity 1868K, committed 1920K, reserved 1048576K
}
Event: 2.131 GC heap before
{Heap before GC invocations=4 (full 0):
 PSYoungGen      total 37888K, used 37869K [0x00000000d5580000, 0x00000000d7f80000, 0x0000000100000000)
  eden space 32768K, 100% used [0x00000000d5580000,0x00000000d7580000,0x00000000d7580000)
  from space 5120K, 99% used [0x00000000d7580000,0x00000000d7a7b410,0x00000000d7a80000)
  to   space 5120K, 0% used [0x00000000d7a80000,0x00000000d7a80000,0x00000000d7f80000)
 ParOldGen       total 86016K, used 1570K [0x0000000080000000, 0x0000000085400000, 0x00000000d5580000)
  object space 86016K, 1% used [0x0000000080000000,0x0000000080188938,0x0000000085400000)
 Metaspace       used 15590K, capacity 16034K, committed 16256K, reserved 1062912K
  class space    used 2218K, capacity 2393K, committed 2432K, reserved 1048576K
Event: 2.138 GC heap after
Heap after GC invocations=4 (full 0):
 PSYoungGen      total 37888K, used 5104K [0x00000000d5580000, 0x00000000d7f80000, 0x0000000100000000)
  eden space 32768K, 0% used [0x00000000d5580000,0x00000000d5580000,0x00000000d7580000)
  from space 5120K, 99% used [0x00000000d7a80000,0x00000000d7f7c010,0x00000000d7f80000)
  to   space 5120K, 0% used [0x00000000d7580000,0x00000000d7580000,0x00000000d7a80000)
 ParOldGen       total 86016K, used 4734K [0x0000000080000000, 0x0000000085400000, 0x00000000d5580000)
  object space 86016K, 5% used [0x0000000080000000,0x000000008049f848,0x0000000085400000)
 Metaspace       used 15590K, capacity 16034K, committed 16256K, reserved 1062912K
  class space    used 2218K, capacity 2393K, committed 2432K, reserved 1048576K
}

Deoptimization events (10 events):
Event: 1.317 Thread 0x0000000000bfe800 Uncommon trap: reason=unstable_if action=reinterpret pc=0x00000000029ee078 method=java.io.WinNTFileSystem.normalize(Ljava/lang/String;II)Ljava/lang/String; @ 90
Event: 1.755 Thread 0x000000001b37f000 Uncommon trap: reason=unstable_if action=reinterpret pc=0x0000000002a65bb0 method=java.util.concurrent.ConcurrentHashMap.putVal(Ljava/lang/Object;Ljava/lang/Object;Z)Ljava/lang/Object; @ 206
Event: 1.797 Thread 0x000000001bf83800 Uncommon trap: reason=bimorphic action=maybe_recompile pc=0x000000000295e4e0 method=java.util.HashMap.putVal(ILjava/lang/Object;Ljava/lang/Object;ZZ)Ljava/lang/Object; @ 253
Event: 1.797 Thread 0x000000001bf83800 Uncommon trap: reason=bimorphic action=maybe_recompile pc=0x000000000295e4e0 method=java.util.HashMap.putVal(ILjava/lang/Object;Ljava/lang/Object;ZZ)Ljava/lang/Object; @ 253
Event: 1.797 Thread 0x000000001bf83800 Uncommon trap: reason=bimorphic action=maybe_recompile pc=0x000000000295e4e0 method=java.util.HashMap.putVal(ILjava/lang/Object;Ljava/lang/Object;ZZ)Ljava/lang/Object; @ 253
Event: 1.917 Thread 0x000000001bf83800 Uncommon trap: reason=class_check action=maybe_recompile pc=0x0000000002996358 method=java.util.regex.Matcher.match(II)Z @ 86
Event: 1.925 Thread 0x000000001bf83800 Uncommon trap: reason=class_check action=maybe_recompile pc=0x0000000002996358 method=java.util.regex.Matcher.match(II)Z @ 86
Event: 1.925 Thread 0x000000001bf83800 Uncommon trap: reason=class_check action=maybe_recompile pc=0x0000000002996358 method=java.util.regex.Matcher.match(II)Z @ 86
Event: 1.925 Thread 0x000000001bf83800 Uncommon trap: reason=class_check action=maybe_recompile pc=0x00000000029530dc method=java.util.regex.Matcher.match(II)Z @ 86
Event: 2.074 Thread 0x000000001bf83800 Uncommon trap: reason=unstable_if action=reinterpret pc=0x0000000002a5b074 method=java.lang.String.lastIndexOf([CII[CIII)I @ 66

Classes redefined (0 events):
No events

Internal exceptions (10 events):
Event: 1.758 Thread 0x000000001b37f000 Exception <a 'java/lang/NoSuchMethodError': <clinit>> (0x00000000d64886d0) thrown at [C:\src\AOSP-openjdk-git\hotspot\src\share\vm\prims\jni.cpp, line 1615]
Event: 1.760 Thread 0x000000001b37f000 Exception <a 'java/lang/NoSuchMethodError': <clinit>> (0x00000000d649b028) thrown at [C:\src\AOSP-openjdk-git\hotspot\src\share\vm\prims\jni.cpp, line 1615]
Event: 1.762 Thread 0x000000001b37f000 Exception <a 'java/lang/NoSuchMethodError': <clinit>> (0x00000000d64c1c20) thrown at [C:\src\AOSP-openjdk-git\hotspot\src\share\vm\prims\jni.cpp, line 1615]
Event: 1.763 Thread 0x000000001b37f000 Exception <a 'java/lang/NoSuchMethodError': <clinit>> (0x00000000d64d9720) thrown at [C:\src\AOSP-openjdk-git\hotspot\src\share\vm\prims\jni.cpp, line 1615]
Event: 1.764 Thread 0x000000001b37f000 Exception <a 'java/lang/NoSuchMethodError': <clinit>> (0x00000000d64e22c0) thrown at [C:\src\AOSP-openjdk-git\hotspot\src\share\vm\prims\jni.cpp, line 1615]
Event: 1.765 Thread 0x000000001b37f000 Exception <a 'java/lang/NoSuchMethodError': <clinit>> (0x00000000d64f8588) thrown at [C:\src\AOSP-openjdk-git\hotspot\src\share\vm\prims\jni.cpp, line 1615]
Event: 1.770 Thread 0x000000001b37f000 Exception <a 'java/lang/NoSuchMethodError': <clinit>> (0x00000000d6551ce0) thrown at [C:\src\AOSP-openjdk-git\hotspot\src\share\vm\prims\jni.cpp, line 1615]
Event: 1.773 Thread 0x000000001b37f000 Exception <a 'java/lang/NoSuchMethodError': <clinit>> (0x00000000d657dc98) thrown at [C:\src\AOSP-openjdk-git\hotspot\src\share\vm\prims\jni.cpp, line 1615]
Event: 1.776 Thread 0x000000001b37f000 Exception <a 'java/lang/NoSuchMethodError': <clinit>> (0x00000000d65aaa38) thrown at [C:\src\AOSP-openjdk-git\hotspot\src\share\vm\prims\jni.cpp, line 1615]
Event: 1.777 Thread 0x000000001b37f000 Exception <a 'java/lang/NoSuchMethodError': <clinit>> (0x00000000d65b5ac0) thrown at [C:\src\AOSP-openjdk-git\hotspot\src\share\vm\prims\jni.cpp, line 1615]

Events (10 events):
Event: 2.377 loading class org/gradle/initialization/ModelConfigurationListener
Event: 2.377 loading class org/gradle/initialization/ModelConfigurationListener done
Event: 2.379 loading class org/gradle/api/internal/tasks/options/OptionValidationException
Event: 2.379 loading class org/gradle/api/internal/tasks/options/OptionValidationException done
Event: 2.379 loading class org/gradle/api/internal/tasks/options/OptionValueNotationParserFactory
Event: 2.379 loading class org/gradle/api/internal/tasks/options/OptionValueNotationParserFactory done
Event: 2.380 loading class org/gradle/execution/TaskSelectionException
Event: 2.380 loading class org/gradle/execution/TaskSelectionException done
Event: 2.380 loading class org/gradle/execution/TaskNameResolver
Event: 2.380 loading class org/gradle/execution/TaskNameResolver done


Dynamic libraries:
0x00007ff644bf0000 - 0x00007ff644c21000 	C:\Program Files\Android\Android Studio\jre\bin\java.exe
0x00007ffad8100000 - 0x00007ffad82f0000 	C:\WINDOWS\SYSTEM32\ntdll.dll
0x00007ffad6fa0000 - 0x00007ffad7052000 	C:\WINDOWS\System32\KERNEL32.DLL
0x00007ffad5410000 - 0x00007ffad56b4000 	C:\WINDOWS\System32\KERNELBASE.dll
0x00007ffad61b0000 - 0x00007ffad6253000 	C:\WINDOWS\System32\ADVAPI32.dll
0x00007ffad7120000 - 0x00007ffad71be000 	C:\WINDOWS\System32\msvcrt.dll
0x00007ffad7c80000 - 0x00007ffad7d17000 	C:\WINDOWS\System32\sechost.dll
0x00007ffad7fa0000 - 0x00007ffad80c0000 	C:\WINDOWS\System32\RPCRT4.dll
0x00007ffad72a0000 - 0x00007ffad7434000 	C:\WINDOWS\System32\USER32.dll
0x00007ffad50f0000 - 0x00007ffad5111000 	C:\WINDOWS\System32\win32u.dll
0x00007ffad6ec0000 - 0x00007ffad6ee6000 	C:\WINDOWS\System32\GDI32.dll
0x00007ffad5270000 - 0x00007ffad5404000 	C:\WINDOWS\System32\gdi32full.dll
0x00007ffad5710000 - 0x00007ffad57ae000 	C:\WINDOWS\System32\msvcp_win.dll
0x00007ffad60b0000 - 0x00007ffad61aa000 	C:\WINDOWS\System32\ucrtbase.dll
0x00007ffac31c0000 - 0x00007ffac3444000 	C:\WINDOWS\WinSxS\amd64_microsoft.windows.common-controls_6595b64144ccf1df_6.0.18362.836_none_e6c4b943130f18ed\COMCTL32.dll
0x00007ffad7440000 - 0x00007ffad7776000 	C:\WINDOWS\System32\combase.dll
0x00007ffad5120000 - 0x00007ffad51a0000 	C:\WINDOWS\System32\bcryptPrimitives.dll
0x00007ffad7060000 - 0x00007ffad708e000 	C:\WINDOWS\System32\IMM32.DLL
0x0000000053ee0000 - 0x0000000053fb2000 	C:\Program Files\Android\Android Studio\jre\jre\bin\msvcr100.dll
0x0000000053fc0000 - 0x000000005480b000 	C:\Program Files\Android\Android Studio\jre\jre\bin\server\jvm.dll
0x00007ffad7090000 - 0x00007ffad7098000 	C:\WINDOWS\System32\PSAPI.DLL
0x00007ffac2ba0000 - 0x00007ffac2ba9000 	C:\WINDOWS\SYSTEM32\WSOCK32.dll
0x00007fface5b0000 - 0x00007fface5ba000 	C:\WINDOWS\SYSTEM32\VERSION.dll
0x00007ffad2c50000 - 0x00007ffad2c74000 	C:\WINDOWS\SYSTEM32\WINMM.dll
0x00007ffad7230000 - 0x00007ffad729f000 	C:\WINDOWS\System32\WS2_32.dll
0x00007ffad27d0000 - 0x00007ffad27fd000 	C:\WINDOWS\SYSTEM32\winmmbase.dll
0x00007ffad56c0000 - 0x00007ffad570a000 	C:\WINDOWS\System32\cfgmgr32.dll
0x00007ffad2d80000 - 0x00007ffad2d8f000 	C:\Program Files\Android\Android Studio\jre\jre\bin\verify.dll
0x00007ffad0390000 - 0x00007ffad03b9000 	C:\Program Files\Android\Android Studio\jre\jre\bin\java.dll
0x00007ffad0720000 - 0x00007ffad0736000 	C:\Program Files\Android\Android Studio\jre\jre\bin\zip.dll
0x00007ffad67d0000 - 0x00007ffad6eb4000 	C:\WINDOWS\System32\SHELL32.dll
0x00007ffad6ef0000 - 0x00007ffad6f99000 	C:\WINDOWS\System32\shcore.dll
0x00007ffad5930000 - 0x00007ffad60ae000 	C:\WINDOWS\System32\windows.storage.dll
0x00007ffad4fd0000 - 0x00007ffad4ff3000 	C:\WINDOWS\System32\profapi.dll
0x00007ffad5020000 - 0x00007ffad506a000 	C:\WINDOWS\System32\powrprof.dll
0x00007ffad4fc0000 - 0x00007ffad4fd0000 	C:\WINDOWS\System32\UMPDC.dll
0x00007ffad7d20000 - 0x00007ffad7d72000 	C:\WINDOWS\System32\shlwapi.dll
0x00007ffad5000000 - 0x00007ffad5011000 	C:\WINDOWS\System32\kernel.appcore.dll
0x00007ffad5250000 - 0x00007ffad5267000 	C:\WINDOWS\System32\cryptsp.dll
0x00007fface700000 - 0x00007fface71a000 	C:\Program Files\Android\Android Studio\jre\jre\bin\net.dll
0x00007ffad47d0000 - 0x00007ffad4837000 	C:\WINDOWS\system32\mswsock.dll
0x00007fface6e0000 - 0x00007fface6f3000 	C:\Program Files\Android\Android Studio\jre\jre\bin\nio.dll
0x00007ffabd6b0000 - 0x00007ffabd6d6000 	C:\Users\SHRIRAM G\.gradle\native\29\windows-amd64\native-platform.dll
0x00007ffad1720000 - 0x00007ffad172d000 	C:\Program Files\Android\Android Studio\jre\jre\bin\management.dll
0x00007ffad4340000 - 0x00007ffad4373000 	C:\WINDOWS\system32\rsaenh.dll
0x00007ffad57b0000 - 0x00007ffad57d6000 	C:\WINDOWS\System32\bcrypt.dll
0x00007ffad4ee0000 - 0x00007ffad4f05000 	C:\WINDOWS\SYSTEM32\USERENV.dll
0x00007ffad49a0000 - 0x00007ffad49ac000 	C:\WINDOWS\SYSTEM32\CRYPTBASE.dll
0x00007ffad44e0000 - 0x00007ffad451a000 	C:\WINDOWS\SYSTEM32\IPHLPAPI.DLL
0x00007ffad7780000 - 0x00007ffad7788000 	C:\WINDOWS\System32\NSI.dll
0x00007ffacc110000 - 0x00007ffacc126000 	C:\WINDOWS\SYSTEM32\dhcpcsvc6.DLL
0x00007ffacd080000 - 0x00007ffacd09c000 	C:\WINDOWS\SYSTEM32\dhcpcsvc.DLL
0x00007ffad4520000 - 0x00007ffad45eb000 	C:\WINDOWS\SYSTEM32\DNSAPI.dll

VM Arguments:
jvm_args: -Xmx2048M -Dfile.encoding=windows-1252 -Duser.country=IN -Duser.language=en -Duser.variant 
java_command: org.gradle.launcher.daemon.bootstrap.GradleDaemon 5.4.1
java_class_path (initial): C:\Users\SHRIRAM G\.gradle\wrapper\dists\gradle-5.4.1-all\3221gyojl5jsh0helicew7rwx\gradle-5.4.1\lib\gradle-launcher-5.4.1.jar
Launcher Type: SUN_STANDARD

Environment Variables:
PATH=C:\Program Files\Java\jdk1.8.0_241\bin;C:\Users\SHRIRAM G\Anaconda3;C:\Users\SHRIRAM G\Anaconda3\Library\mingw-w64\bin;C:\Users\SHRIRAM G\Anaconda3\Library\usr\bin;C:\Users\SHRIRAM G\Anaconda3\Library\bin;C:\Users\SHRIRAM G\Anaconda3\Scripts;C:\Program Files (x86)\Google\Chrome\Application;C:\oraclexe\app\oracle\product\10.2.0\server\bin;C:\Program Files (x86)\Intel\iCLS Client\;C:\Program Files\Intel\iCLS Client\;C:\Windows\system32;C:\Windows;C:\Windows\System32\Wbem;C:\Windows\System32\WindowsPowerShell\v1.0\;C:\Program Files (x86)\Intel\Intel(R) Management Engine Components\DAL;C:\Program Files\Intel\Intel(R) Management Engine Components\DAL;C:\Program Files (x86)\Intel\Intel(R) Management Engine Components\IPT;C:\Program Files\Intel\Intel(R) Management Engine Components\IPT;C:\Program Files (x86)\NVIDIA Corporation\PhysX\Common;C:\WINDOWS\system32;C:\WINDOWS;C:\WINDOWS\System32\Wbem;C:\WINDOWS\System32\WindowsPowerShell\v1.0\;C:\WINDOWS\System32\OpenSSH\;C:\Program Files\Intel\WiFi\bin\;C:\Program Files\Common Files\Intel\WirelessCommon\;C:\x
USERNAME=SHRIRAM G
OS=Windows_NT
PROCESSOR_IDENTIFIER=Intel64 Family 6 Model 158 Stepping 9, GenuineIntel



---------------  S Y S T E M  ---------------

OS: Windows 10.0 , 64 bit Build 18362 (10.0.18362.778)

CPU:total 8 (initial active 8) (4 cores per cpu, 2 threads per core) family 6 model 158 stepping 9, cmov, cx8, fxsr, mmx, sse, sse2, sse3, ssse3, sse4.1, sse4.2, popcnt, avx, avx2, aes, clmul, erms, 3dnowpref, lzcnt, ht, tsc, tscinvbit, bmi1, bmi2, adx

Memory: 4k page, physical 8247252k(1275332k free), swap 10194900k(5144k free)

vm_info: OpenJDK 64-Bit Server VM (25.242-b01) for windows-amd64 JRE (1.8.0_242-release-1644-b01), built by "builder" with MS VC++ 10.0 (VS2010)

time: Thu Jun 11 20:00:44 2020
timezone: India Standard Time
elapsed time: 2 seconds (0d 0h 0m 2s)

