#
# There is insufficient memory for the Java Runtime Environment to continue.
# Native memory allocation (malloc) failed to allocate 858816 bytes for Chunk::new
# Possible reasons:
#   The system is out of physical RAM or swap space
#   The process is running with CompressedOops enabled, and the Java Heap may be blocking the growth of the native heap
# Possible solutions:
#   Reduce memory load on the system
#   Increase physical memory or swap space
#   Check if swap backing store is full
#   Decrease Java heap size (-Xmx/-Xms)
#   Decrease number of Java threads
#   Decrease Java thread stack sizes (-Xss)
#   Set larger code cache with -XX:ReservedCodeCacheSize=
#   JVM is running with Unscaled Compressed Oops mode in which the Java heap is
#     placed in the first 4GB address space. The Java Heap base address is the
#     maximum limit for the native heap growth. Please use -XX:HeapBaseMinAddress
#     to set the Java Heap base and to place the Java Heap above 4GB virtual address.
# This output file may be truncated or incomplete.
#
#  Out of Memory Error (allocation.cpp:389), pid=7596, tid=0x0000000000003778
#
# JRE version: OpenJDK Runtime Environment (8.0_242-b01) (build 1.8.0_242-release-1644-b01)
# Java VM: OpenJDK 64-Bit Server VM (25.242-b01 mixed mode windows-amd64 compressed oops)
# Failed to write core dump. Minidumps are not enabled by default on client versions of Windows
#

---------------  T H R E A D  ---------------

Current thread (0x0000000019e91000):  JavaThread "C2 CompilerThread0" daemon [_thread_in_native, id=14200, stack(0x000000001a760000,0x000000001a860000)]

Stack: [0x000000001a760000,0x000000001a860000]
[error occurred during error reporting (printing stack bounds), id 0xc0000005]

Native frames: (J=compiled Java code, j=interpreted, Vv=VM code, C=native code)


Current CompileTask:
C2:   1908 1470   !   4       java.net.URLClassLoader$1::run (63 bytes)


---------------  P R O C E S S  ---------------

Java Threads: ( => current thread )
  0x000000001bc56000 JavaThread "Cache worker for journal cache (C:\Users\SHRIRAM G\.gradle\caches\journal-1)" [_thread_blocked, id=11036, stack(0x000000001e980000,0x000000001ea80000)]
  0x000000001bc57000 JavaThread "File lock request listener" [_thread_in_native, id=14396, stack(0x000000001e880000,0x000000001e980000)]
  0x000000001ba7c000 JavaThread "Cache worker for file hash cache (C:\Users\SHRIRAM G\.gradle\caches\5.4.1\fileHashes)" [_thread_blocked, id=5988, stack(0x000000001e780000,0x000000001e880000)]
  0x000000001bd00800 JavaThread "Thread-9" [_thread_blocked, id=9352, stack(0x000000001e680000,0x000000001e780000)]
  0x000000001c113800 JavaThread "Stdin handler" [_thread_blocked, id=4188, stack(0x000000001e580000,0x000000001e680000)]
  0x000000001c115000 JavaThread "Asynchronous log dispatcher for DefaultDaemonConnection: socket connection from /127.0.0.1:51338 to /127.0.0.1:51339" [_thread_blocked, id=5252, stack(0x000000001e480000,0x000000001e580000)]
  0x000000001c110800 JavaThread "Daemon worker" [_thread_in_vm, id=5588, stack(0x000000001e380000,0x000000001e480000)]
  0x000000001bd07800 JavaThread "Cancel handler" [_thread_blocked, id=3412, stack(0x000000001e280000,0x000000001e380000)]
  0x000000001c241800 JavaThread "Handler for socket connection from /127.0.0.1:51338 to /127.0.0.1:51339" [_thread_in_native, id=7748, stack(0x000000001df80000,0x000000001e080000)]
  0x000000001c240000 JavaThread "Daemon" [_thread_blocked, id=2180, stack(0x000000001de80000,0x000000001df80000)]
  0x000000001c23b000 JavaThread "Daemon periodic checks" [_thread_blocked, id=7828, stack(0x000000001dd80000,0x000000001de80000)]
  0x000000001c243000 JavaThread "Incoming local TCP Connector on port 51338" [_thread_in_native, id=1184, stack(0x000000001db40000,0x000000001dc40000)]
  0x000000001c5a6800 JavaThread "Daemon health stats" [_thread_blocked, id=14460, stack(0x000000001d500000,0x000000001d600000)]
  0x0000000019f23800 JavaThread "Service Thread" daemon [_thread_blocked, id=12252, stack(0x000000001ab60000,0x000000001ac60000)]
  0x0000000019e9b800 JavaThread "C1 CompilerThread3" daemon [_thread_blocked, id=14168, stack(0x000000001aa60000,0x000000001ab60000)]
  0x0000000019e97800 JavaThread "C2 CompilerThread2" daemon [_thread_in_native, id=6124, stack(0x000000001a960000,0x000000001aa60000)]
  0x0000000019e94000 JavaThread "C2 CompilerThread1" daemon [_thread_blocked, id=10632, stack(0x000000001a860000,0x000000001a960000)]
=>0x0000000019e91000 JavaThread "C2 CompilerThread0" daemon [_thread_in_native, id=14200, stack(0x000000001a760000,0x000000001a860000)]
  0x0000000019e8f800 JavaThread "Attach Listener" daemon [_thread_blocked, id=1824, stack(0x000000001a660000,0x000000001a760000)]
  0x000000001809e800 JavaThread "Signal Dispatcher" daemon [_thread_blocked, id=7680, stack(0x000000001a560000,0x000000001a660000)]
  0x0000000003019000 JavaThread "Finalizer" daemon [_thread_blocked, id=15232, stack(0x000000001a360000,0x000000001a460000)]
  0x000000001808c000 JavaThread "Reference Handler" daemon [_thread_blocked, id=11156, stack(0x000000001a260000,0x000000001a360000)]
  0x000000000107e800 JavaThread "main" [_thread_blocked, id=9496, stack(0x0000000002e20000,0x0000000002f20000)]

Other Threads:
  0x0000000018087800 VMThread [stack: 0x0000000019d60000,0x0000000019e60000] [id=2788]
  0x0000000019eb7000 WatcherThread [stack: 0x000000001ac60000,0x000000001ad60000] [id=1444]

VM state:not at safepoint (normal execution)

VM Mutex/Monitor currently owned by a thread: None

heap address: 0x0000000080000000, size: 2048 MB, Compressed Oops mode: 32-bit
Narrow klass base: 0x0000000000000000, Narrow klass shift: 3
Compressed class space size: 1073741824 Address: 0x0000000100000000

Heap:
 PSYoungGen      total 37888K, used 8089K [0x00000000d5580000, 0x00000000d9f80000, 0x0000000100000000)
  eden space 32768K, 9% used [0x00000000d5580000,0x00000000d586e6f8,0x00000000d7580000)
  from space 5120K, 99% used [0x00000000d7a80000,0x00000000d7f78020,0x00000000d7f80000)
  to   space 5120K, 0% used [0x00000000d7580000,0x00000000d7580000,0x00000000d7a80000)
 ParOldGen       total 86016K, used 4757K [0x0000000080000000, 0x0000000085400000, 0x00000000d5580000)
  object space 86016K, 5% used [0x0000000080000000,0x00000000804a54f0,0x0000000085400000)
 Metaspace       used 15837K, capacity 16322K, committed 16512K, reserved 1062912K
  class space    used 2257K, capacity 2425K, committed 2432K, reserved 1048576K

Card table byte_map: [0x00000000123e0000,0x00000000127f0000] byte_map_base: 0x0000000011fe0000

Marking Bits: (ParMarkBitMap*) 0x000000005478f030
 Begin Bits: [0x00000000132a0000, 0x00000000152a0000)
 End Bits:   [0x00000000152a0000, 0x00000000172a0000)

Polling page: 0x00000000010a0000

CodeCache: size=245760Kb used=5220Kb max_used=5235Kb free=240539Kb
 bounds [0x0000000003020000, 0x0000000003540000, 0x0000000012020000]
 total_blobs=1926 nmethods=1536 adapters=303
 compilation: enabled

Compilation events (10 events):
Event: 1.873 Thread 0x0000000019e9b800 1534       3       org.gradle.internal.service.DefaultServiceRegistry$SingletonService::getService (18 bytes)
Event: 1.873 Thread 0x0000000019e9b800 nmethod 1534 0x0000000003531a50 code [0x0000000003531be0, 0x0000000003531e58]
Event: 1.873 Thread 0x0000000019e9b800 1535       3       org.gradle.internal.service.DefaultServiceRegistry::access$1200 (6 bytes)
Event: 1.873 Thread 0x0000000019e9b800 nmethod 1535 0x0000000003536e90 code [0x0000000003537000, 0x0000000003537168]
Event: 1.877 Thread 0x0000000019e9b800 1536       3       java.lang.Throwable::<init> (39 bytes)
Event: 1.877 Thread 0x0000000019e9b800 nmethod 1536 0x0000000003537210 code [0x0000000003537380, 0x0000000003537688]
Event: 1.880 Thread 0x0000000019e9b800 1537       3       java.lang.String::lastIndexOf (151 bytes)
Event: 1.881 Thread 0x0000000019e9b800 nmethod 1537 0x0000000003537750 code [0x0000000003537900, 0x0000000003537e50]
Event: 1.891 Thread 0x0000000019e9b800 1539   !   3       java.util.zip.Inflater::end (50 bytes)
Event: 1.892 Thread 0x0000000019e9b800 nmethod 1539 0x00000000035382d0 code [0x0000000003538460, 0x00000000035388e8]

GC Heap History (8 events):
Event: 0.545 GC heap before
{Heap before GC invocations=1 (full 0):
 PSYoungGen      total 37888K, used 32768K [0x00000000d5580000, 0x00000000d7f80000, 0x0000000100000000)
  eden space 32768K, 100% used [0x00000000d5580000,0x00000000d7580000,0x00000000d7580000)
  from space 5120K, 0% used [0x00000000d7a80000,0x00000000d7a80000,0x00000000d7f80000)
  to   space 5120K, 0% used [0x00000000d7580000,0x00000000d7580000,0x00000000d7a80000)
 ParOldGen       total 86016K, used 0K [0x0000000080000000, 0x0000000085400000, 0x00000000d5580000)
  object space 86016K, 0% used [0x0000000080000000,0x0000000080000000,0x0000000085400000)
 Metaspace       used 7071K, capacity 7296K, committed 7424K, reserved 1056768K
  class space    used 861K, capacity 908K, committed 1024K, reserved 1048576K
Event: 0.551 GC heap after
Heap after GC invocations=1 (full 0):
 PSYoungGen      total 37888K, used 4228K [0x00000000d5580000, 0x00000000d7f80000, 0x0000000100000000)
  eden space 32768K, 0% used [0x00000000d5580000,0x00000000d5580000,0x00000000d7580000)
  from space 5120K, 82% used [0x00000000d7580000,0x00000000d79a1348,0x00000000d7a80000)
  to   space 5120K, 0% used [0x00000000d7a80000,0x00000000d7a80000,0x00000000d7f80000)
 ParOldGen       total 86016K, used 8K [0x0000000080000000, 0x0000000085400000, 0x00000000d5580000)
  object space 86016K, 0% used [0x0000000080000000,0x0000000080002000,0x0000000085400000)
 Metaspace       used 7071K, capacity 7296K, committed 7424K, reserved 1056768K
  class space    used 861K, capacity 908K, committed 1024K, reserved 1048576K
}
Event: 0.788 GC heap before
{Heap before GC invocations=2 (full 0):
 PSYoungGen      total 37888K, used 36996K [0x00000000d5580000, 0x00000000d7f80000, 0x0000000100000000)
  eden space 32768K, 100% used [0x00000000d5580000,0x00000000d7580000,0x00000000d7580000)
  from space 5120K, 82% used [0x00000000d7580000,0x00000000d79a1348,0x00000000d7a80000)
  to   space 5120K, 0% used [0x00000000d7a80000,0x00000000d7a80000,0x00000000d7f80000)
 ParOldGen       total 86016K, used 8K [0x0000000080000000, 0x0000000085400000, 0x00000000d5580000)
  object space 86016K, 0% used [0x0000000080000000,0x0000000080002000,0x0000000085400000)
 Metaspace       used 7885K, capacity 8122K, committed 8320K, reserved 1056768K
  class space    used 1010K, capacity 1077K, committed 1152K, reserved 1048576K
Event: 0.790 GC heap after
Heap after GC invocations=2 (full 0):
 PSYoungGen      total 37888K, used 3917K [0x00000000d5580000, 0x00000000d9f80000, 0x0000000100000000)
  eden space 32768K, 0% used [0x00000000d5580000,0x00000000d5580000,0x00000000d7580000)
  from space 5120K, 76% used [0x00000000d7a80000,0x00000000d7e537c0,0x00000000d7f80000)
  to   space 5120K, 0% used [0x00000000d7580000,0x00000000d7580000,0x00000000d7a80000)
 ParOldGen       total 86016K, used 16K [0x0000000080000000, 0x0000000085400000, 0x00000000d5580000)
  object space 86016K, 0% used [0x0000000080000000,0x0000000080004000,0x0000000085400000)
 Metaspace       used 7885K, capacity 8122K, committed 8320K, reserved 1056768K
  class space    used 1010K, capacity 1077K, committed 1152K, reserved 1048576K
}
Event: 1.644 GC heap before
{Heap before GC invocations=3 (full 0):
 PSYoungGen      total 37888K, used 36685K [0x00000000d5580000, 0x00000000d9f80000, 0x0000000100000000)
  eden space 32768K, 100% used [0x00000000d5580000,0x00000000d7580000,0x00000000d7580000)
  from space 5120K, 76% used [0x00000000d7a80000,0x00000000d7e537c0,0x00000000d7f80000)
  to   space 5120K, 0% used [0x00000000d7580000,0x00000000d7580000,0x00000000d7a80000)
 ParOldGen       total 86016K, used 16K [0x0000000080000000, 0x0000000085400000, 0x00000000d5580000)
  object space 86016K, 0% used [0x0000000080000000,0x0000000080004000,0x0000000085400000)
 Metaspace       used 12786K, capacity 13196K, committed 13440K, reserved 1060864K
  class space    used 1753K, capacity 1868K, committed 1920K, reserved 1048576K
Event: 1.651 GC heap after
Heap after GC invocations=3 (full 0):
 PSYoungGen      total 37888K, used 5088K [0x00000000d5580000, 0x00000000d7f80000, 0x0000000100000000)
  eden space 32768K, 0% used [0x00000000d5580000,0x00000000d5580000,0x00000000d7580000)
  from space 5120K, 99% used [0x00000000d7580000,0x00000000d7a78020,0x00000000d7a80000)
  to   space 5120K, 0% used [0x00000000d7a80000,0x00000000d7a80000,0x00000000d7f80000)
 ParOldGen       total 86016K, used 1581K [0x0000000080000000, 0x0000000085400000, 0x00000000d5580000)
  object space 86016K, 1% used [0x0000000080000000,0x000000008018b420,0x0000000085400000)
 Metaspace       used 12786K, capacity 13196K, committed 13440K, reserved 1060864K
  class space    used 1753K, capacity 1868K, committed 1920K, reserved 1048576K
}
Event: 1.882 GC heap before
{Heap before GC invocations=4 (full 0):
 PSYoungGen      total 37888K, used 37856K [0x00000000d5580000, 0x00000000d7f80000, 0x0000000100000000)
  eden space 32768K, 100% used [0x00000000d5580000,0x00000000d7580000,0x00000000d7580000)
  from space 5120K, 99% used [0x00000000d7580000,0x00000000d7a78020,0x00000000d7a80000)
  to   space 5120K, 0% used [0x00000000d7a80000,0x00000000d7a80000,0x00000000d7f80000)
 ParOldGen       total 86016K, used 1581K [0x0000000080000000, 0x0000000085400000, 0x00000000d5580000)
  object space 86016K, 1% used [0x0000000080000000,0x000000008018b420,0x0000000085400000)
 Metaspace       used 15592K, capacity 16034K, committed 16256K, reserved 1062912K
  class space    used 2219K, capacity 2393K, committed 2432K, reserved 1048576K
Event: 1.889 GC heap after
Heap after GC invocations=4 (full 0):
 PSYoungGen      total 37888K, used 5088K [0x00000000d5580000, 0x00000000d9f80000, 0x0000000100000000)
  eden space 32768K, 0% used [0x00000000d5580000,0x00000000d5580000,0x00000000d7580000)
  from space 5120K, 99% used [0x00000000d7a80000,0x00000000d7f78020,0x00000000d7f80000)
  to   space 5120K, 0% used [0x00000000d7580000,0x00000000d7580000,0x00000000d7a80000)
 ParOldGen       total 86016K, used 4757K [0x0000000080000000, 0x0000000085400000, 0x00000000d5580000)
  object space 86016K, 5% used [0x0000000080000000,0x00000000804a54f0,0x0000000085400000)
 Metaspace       used 15592K, capacity 16034K, committed 16256K, reserved 1062912K
  class space    used 2219K, capacity 2393K, committed 2432K, reserved 1048576K
}

Deoptimization events (10 events):
Event: 1.123 Thread 0x000000000107e800 Uncommon trap: reason=unstable_if action=reinterpret pc=0x000000000337be98 method=java.io.WinNTFileSystem.normalize(Ljava/lang/String;II)Ljava/lang/String; @ 90
Event: 1.526 Thread 0x000000001c241800 Uncommon trap: reason=unstable_if action=reinterpret pc=0x00000000033e5eb0 method=java.util.concurrent.ConcurrentHashMap.putVal(Ljava/lang/Object;Ljava/lang/Object;Z)Ljava/lang/Object; @ 206
Event: 1.566 Thread 0x000000001c110800 Uncommon trap: reason=bimorphic action=maybe_recompile pc=0x00000000032e3da0 method=java.util.HashMap.putVal(ILjava/lang/Object;Ljava/lang/Object;ZZ)Ljava/lang/Object; @ 253
Event: 1.566 Thread 0x000000001c110800 Uncommon trap: reason=bimorphic action=maybe_recompile pc=0x00000000032e3da0 method=java.util.HashMap.putVal(ILjava/lang/Object;Ljava/lang/Object;ZZ)Ljava/lang/Object; @ 253
Event: 1.566 Thread 0x000000001c110800 Uncommon trap: reason=bimorphic action=maybe_recompile pc=0x00000000032e3da0 method=java.util.HashMap.putVal(ILjava/lang/Object;Ljava/lang/Object;ZZ)Ljava/lang/Object; @ 253
Event: 1.685 Thread 0x000000001c110800 Uncommon trap: reason=class_check action=maybe_recompile pc=0x0000000003306858 method=java.util.regex.Matcher.match(II)Z @ 86
Event: 1.692 Thread 0x000000001c110800 Uncommon trap: reason=class_check action=maybe_recompile pc=0x0000000003306858 method=java.util.regex.Matcher.match(II)Z @ 86
Event: 1.692 Thread 0x000000001c110800 Uncommon trap: reason=class_check action=maybe_recompile pc=0x0000000003306858 method=java.util.regex.Matcher.match(II)Z @ 86
Event: 1.693 Thread 0x000000001c110800 Uncommon trap: reason=class_check action=maybe_recompile pc=0x00000000032c3b5c method=java.util.regex.Matcher.match(II)Z @ 86
Event: 1.830 Thread 0x000000001c110800 Uncommon trap: reason=unstable_if action=reinterpret pc=0x00000000033df5b4 method=java.lang.String.lastIndexOf([CII[CIII)I @ 66

Classes redefined (0 events):
No events

Internal exceptions (10 events):
Event: 1.528 Thread 0x000000001c241800 Exception <a 'java/lang/NoSuchMethodError': <clinit>> (0x00000000d647c478) thrown at [C:\src\AOSP-openjdk-git\hotspot\src\share\vm\prims\jni.cpp, line 1615]
Event: 1.531 Thread 0x000000001c241800 Exception <a 'java/lang/NoSuchMethodError': <clinit>> (0x00000000d648edd0) thrown at [C:\src\AOSP-openjdk-git\hotspot\src\share\vm\prims\jni.cpp, line 1615]
Event: 1.533 Thread 0x000000001c241800 Exception <a 'java/lang/NoSuchMethodError': <clinit>> (0x00000000d64b59c8) thrown at [C:\src\AOSP-openjdk-git\hotspot\src\share\vm\prims\jni.cpp, line 1615]
Event: 1.534 Thread 0x000000001c241800 Exception <a 'java/lang/NoSuchMethodError': <clinit>> (0x00000000d64cd4c8) thrown at [C:\src\AOSP-openjdk-git\hotspot\src\share\vm\prims\jni.cpp, line 1615]
Event: 1.535 Thread 0x000000001c241800 Exception <a 'java/lang/NoSuchMethodError': <clinit>> (0x00000000d64d6068) thrown at [C:\src\AOSP-openjdk-git\hotspot\src\share\vm\prims\jni.cpp, line 1615]
Event: 1.536 Thread 0x000000001c241800 Exception <a 'java/lang/NoSuchMethodError': <clinit>> (0x00000000d64ec360) thrown at [C:\src\AOSP-openjdk-git\hotspot\src\share\vm\prims\jni.cpp, line 1615]
Event: 1.541 Thread 0x000000001c241800 Exception <a 'java/lang/NoSuchMethodError': <clinit>> (0x00000000d6545aa0) thrown at [C:\src\AOSP-openjdk-git\hotspot\src\share\vm\prims\jni.cpp, line 1615]
Event: 1.544 Thread 0x000000001c241800 Exception <a 'java/lang/NoSuchMethodError': <clinit>> (0x00000000d6571a98) thrown at [C:\src\AOSP-openjdk-git\hotspot\src\share\vm\prims\jni.cpp, line 1615]
Event: 1.546 Thread 0x000000001c241800 Exception <a 'java/lang/NoSuchMethodError': <clinit>> (0x00000000d659eb18) thrown at [C:\src\AOSP-openjdk-git\hotspot\src\share\vm\prims\jni.cpp, line 1615]
Event: 1.548 Thread 0x000000001c241800 Exception <a 'java/lang/NoSuchMethodError': <clinit>> (0x00000000d65a9ba0) thrown at [C:\src\AOSP-openjdk-git\hotspot\src\share\vm\prims\jni.cpp, line 1615]

Events (10 events):
Event: 1.901 loading class org/gradle/internal/instantiation/AbstractClassGenerator$ClassGenerationHandler
Event: 1.901 loading class org/gradle/internal/instantiation/AbstractClassGenerator$ClassGenerationHandler done
Event: 1.901 loading class org/gradle/internal/instantiation/AbstractClassGenerator$InjectAnnotationPropertyHandler
Event: 1.901 loading class org/gradle/internal/instantiation/AbstractClassGenerator$InjectAnnotationPropertyHandler done
Event: 1.901 loading class org/gradle/internal/instantiation/AbstractClassGenerator$AbstractInjectedPropertyHandler
Event: 1.901 loading class org/gradle/internal/instantiation/AbstractClassGenerator$AbstractInjectedPropertyHandler done
Event: 1.902 loading class org/gradle/internal/instantiation/AbstractClassGenerator$PropertyTypePropertyHandler
Event: 1.902 loading class org/gradle/internal/instantiation/AbstractClassGenerator$PropertyTypePropertyHandler done
Event: 1.902 loading class org/gradle/internal/instantiation/AbstractClassGenerator$ManagedTypeHandler
Event: 1.902 loading class org/gradle/internal/instantiation/AbstractClassGenerator$ManagedTypeHandler done


Dynamic libraries:
0x00007ff644bf0000 - 0x00007ff644c21000 	C:\Program Files\Android\Android Studio\jre\bin\java.exe
0x00007ffad8100000 - 0x00007ffad82f0000 	C:\WINDOWS\SYSTEM32\ntdll.dll
0x00007ffad6fa0000 - 0x00007ffad7052000 	C:\WINDOWS\System32\KERNEL32.DLL
0x00007ffad5410000 - 0x00007ffad56b4000 	C:\WINDOWS\System32\KERNELBASE.dll
0x00007ffad61b0000 - 0x00007ffad6253000 	C:\WINDOWS\System32\ADVAPI32.dll
0x00007ffad7120000 - 0x00007ffad71be000 	C:\WINDOWS\System32\msvcrt.dll
0x00007ffad7c80000 - 0x00007ffad7d17000 	C:\WINDOWS\System32\sechost.dll
0x00007ffad7fa0000 - 0x00007ffad80c0000 	C:\WINDOWS\System32\RPCRT4.dll
0x00007ffad72a0000 - 0x00007ffad7434000 	C:\WINDOWS\System32\USER32.dll
0x00007ffad50f0000 - 0x00007ffad5111000 	C:\WINDOWS\System32\win32u.dll
0x00007ffad6ec0000 - 0x00007ffad6ee6000 	C:\WINDOWS\System32\GDI32.dll
0x00007ffad5270000 - 0x00007ffad5404000 	C:\WINDOWS\System32\gdi32full.dll
0x00007ffad5710000 - 0x00007ffad57ae000 	C:\WINDOWS\System32\msvcp_win.dll
0x00007ffad60b0000 - 0x00007ffad61aa000 	C:\WINDOWS\System32\ucrtbase.dll
0x00007ffac31c0000 - 0x00007ffac3444000 	C:\WINDOWS\WinSxS\amd64_microsoft.windows.common-controls_6595b64144ccf1df_6.0.18362.836_none_e6c4b943130f18ed\COMCTL32.dll
0x00007ffad7440000 - 0x00007ffad7776000 	C:\WINDOWS\System32\combase.dll
0x00007ffad5120000 - 0x00007ffad51a0000 	C:\WINDOWS\System32\bcryptPrimitives.dll
0x00007ffad7060000 - 0x00007ffad708e000 	C:\WINDOWS\System32\IMM32.DLL
0x0000000053ee0000 - 0x0000000053fb2000 	C:\Program Files\Android\Android Studio\jre\jre\bin\msvcr100.dll
0x0000000053fc0000 - 0x000000005480b000 	C:\Program Files\Android\Android Studio\jre\jre\bin\server\jvm.dll
0x00007ffad7090000 - 0x00007ffad7098000 	C:\WINDOWS\System32\PSAPI.DLL
0x00007fface5b0000 - 0x00007fface5ba000 	C:\WINDOWS\SYSTEM32\VERSION.dll
0x00007ffac2ba0000 - 0x00007ffac2ba9000 	C:\WINDOWS\SYSTEM32\WSOCK32.dll
0x00007ffad2c50000 - 0x00007ffad2c74000 	C:\WINDOWS\SYSTEM32\WINMM.dll
0x00007ffad7230000 - 0x00007ffad729f000 	C:\WINDOWS\System32\WS2_32.dll
0x00007ffad27d0000 - 0x00007ffad27fd000 	C:\WINDOWS\SYSTEM32\winmmbase.dll
0x00007ffad56c0000 - 0x00007ffad570a000 	C:\WINDOWS\System32\cfgmgr32.dll
0x00007ffad2d80000 - 0x00007ffad2d8f000 	C:\Program Files\Android\Android Studio\jre\jre\bin\verify.dll
0x00007ffad0390000 - 0x00007ffad03b9000 	C:\Program Files\Android\Android Studio\jre\jre\bin\java.dll
0x00007ffad0720000 - 0x00007ffad0736000 	C:\Program Files\Android\Android Studio\jre\jre\bin\zip.dll
0x00007ffad67d0000 - 0x00007ffad6eb4000 	C:\WINDOWS\System32\SHELL32.dll
0x00007ffad6ef0000 - 0x00007ffad6f99000 	C:\WINDOWS\System32\shcore.dll
0x00007ffad5930000 - 0x00007ffad60ae000 	C:\WINDOWS\System32\windows.storage.dll
0x00007ffad4fd0000 - 0x00007ffad4ff3000 	C:\WINDOWS\System32\profapi.dll
0x00007ffad5020000 - 0x00007ffad506a000 	C:\WINDOWS\System32\powrprof.dll
0x00007ffad4fc0000 - 0x00007ffad4fd0000 	C:\WINDOWS\System32\UMPDC.dll
0x00007ffad7d20000 - 0x00007ffad7d72000 	C:\WINDOWS\System32\shlwapi.dll
0x00007ffad5000000 - 0x00007ffad5011000 	C:\WINDOWS\System32\kernel.appcore.dll
0x00007ffad5250000 - 0x00007ffad5267000 	C:\WINDOWS\System32\cryptsp.dll
0x00007fface700000 - 0x00007fface71a000 	C:\Program Files\Android\Android Studio\jre\jre\bin\net.dll
0x00007ffad47d0000 - 0x00007ffad4837000 	C:\WINDOWS\system32\mswsock.dll
0x00007fface6e0000 - 0x00007fface6f3000 	C:\Program Files\Android\Android Studio\jre\jre\bin\nio.dll
0x00007ffabd6b0000 - 0x00007ffabd6d6000 	C:\Users\SHRIRAM G\.gradle\native\29\windows-amd64\native-platform.dll
0x00007ffad1720000 - 0x00007ffad172d000 	C:\Program Files\Android\Android Studio\jre\jre\bin\management.dll
0x00007ffad4340000 - 0x00007ffad4373000 	C:\WINDOWS\system32\rsaenh.dll
0x00007ffad57b0000 - 0x00007ffad57d6000 	C:\WINDOWS\System32\bcrypt.dll
0x00007ffad4ee0000 - 0x00007ffad4f05000 	C:\WINDOWS\SYSTEM32\USERENV.dll
0x00007ffad49a0000 - 0x00007ffad49ac000 	C:\WINDOWS\SYSTEM32\CRYPTBASE.dll
0x00007ffad44e0000 - 0x00007ffad451a000 	C:\WINDOWS\SYSTEM32\IPHLPAPI.DLL
0x00007ffad7780000 - 0x00007ffad7788000 	C:\WINDOWS\System32\NSI.dll
0x00007ffacc110000 - 0x00007ffacc126000 	C:\WINDOWS\SYSTEM32\dhcpcsvc6.DLL
0x00007ffacd080000 - 0x00007ffacd09c000 	C:\WINDOWS\SYSTEM32\dhcpcsvc.DLL
0x00007ffad4520000 - 0x00007ffad45eb000 	C:\WINDOWS\SYSTEM32\DNSAPI.dll

VM Arguments:
jvm_args: -Xmx2048M -Dfile.encoding=windows-1252 -Duser.country=IN -Duser.language=en -Duser.variant 
java_command: org.gradle.launcher.daemon.bootstrap.GradleDaemon 5.4.1
java_class_path (initial): C:\Users\SHRIRAM G\.gradle\wrapper\dists\gradle-5.4.1-all\3221gyojl5jsh0helicew7rwx\gradle-5.4.1\lib\gradle-launcher-5.4.1.jar
Launcher Type: SUN_STANDARD

Environment Variables:
PATH=C:\Program Files\Java\jdk1.8.0_241\bin;C:\Users\SHRIRAM G\Anaconda3;C:\Users\SHRIRAM G\Anaconda3\Library\mingw-w64\bin;C:\Users\SHRIRAM G\Anaconda3\Library\usr\bin;C:\Users\SHRIRAM G\Anaconda3\Library\bin;C:\Users\SHRIRAM G\Anaconda3\Scripts;C:\Program Files (x86)\Google\Chrome\Application;C:\oraclexe\app\oracle\product\10.2.0\server\bin;C:\Program Files (x86)\Intel\iCLS Client\;C:\Program Files\Intel\iCLS Client\;C:\Windows\system32;C:\Windows;C:\Windows\System32\Wbem;C:\Windows\System32\WindowsPowerShell\v1.0\;C:\Program Files (x86)\Intel\Intel(R) Management Engine Components\DAL;C:\Program Files\Intel\Intel(R) Management Engine Components\DAL;C:\Program Files (x86)\Intel\Intel(R) Management Engine Components\IPT;C:\Program Files\Intel\Intel(R) Management Engine Components\IPT;C:\Program Files (x86)\NVIDIA Corporation\PhysX\Common;C:\WINDOWS\system32;C:\WINDOWS;C:\WINDOWS\System32\Wbem;C:\WINDOWS\System32\WindowsPowerShell\v1.0\;C:\WINDOWS\System32\OpenSSH\;C:\Program Files\Intel\WiFi\bin\;C:\Program Files\Common Files\Intel\WirelessCommon\;C:\x
USERNAME=SHRIRAM G
OS=Windows_NT
PROCESSOR_IDENTIFIER=Intel64 Family 6 Model 158 Stepping 9, GenuineIntel



---------------  S Y S T E M  ---------------

OS: Windows 10.0 , 64 bit Build 18362 (10.0.18362.778)

CPU:total 8 (initial active 8) (4 cores per cpu, 2 threads per core) family 6 model 158 stepping 9, cmov, cx8, fxsr, mmx, sse, sse2, sse3, ssse3, sse4.1, sse4.2, popcnt, avx, avx2, aes, clmul, erms, 3dnowpref, lzcnt, ht, tsc, tscinvbit, bmi1, bmi2, adx

Memory: 4k page, physical 8247252k(1415628k free), swap 10194900k(5300k free)

vm_info: OpenJDK 64-Bit Server VM (25.242-b01) for windows-amd64 JRE (1.8.0_242-release-1644-b01), built by "builder" with MS VC++ 10.0 (VS2010)

time: Thu Jun 11 20:01:20 2020
timezone: India Standard Time
elapsed time: 1 seconds (0d 0h 0m 1s)

